<?xml version="1.0" encoding="UTF-8"?>
<!-- Generated by org.testng.reporters.JUnitXMLReporter -->
<testsuite hostname="CGGEDEVDESKF69" name="Hyderabad Police Login and Logout Scenario" tests="2" failures="0" timestamp="2 Jul 2019 07:26:18 GMT" time="71.564" errors="0">
  <testcase name="LoginMethod" time="10.52" classname="test_Cases.LoginAndLogout"/>
  <testcase name="LoginMethod" time="60.51" classname="test_Cases.Add_User"/>
</testsuite> <!-- Hyderabad Police Login and Logout Scenario -->
